<?xml version="1.0" encoding="UTF-8"?>
<testng-results ignored="0" total="1" passed="1" failed="0" skipped="0">
  <reporter-output>
  </reporter-output>
  <suite started-at="2023-08-24T14:40:30 IST" name="Default suite" finished-at="2023-08-24T14:40:37 IST" duration-ms="6529">
    <groups>
    </groups>
    <test started-at="2023-08-24T14:40:30 IST" name="Default test" finished-at="2023-08-24T14:40:37 IST" duration-ms="6529">
      <class name="practicleImplementationOfCodes.LaunchBrowser">
        <test-method signature="launchFirefoxBrowser()[pri:0, instance:practicleImplementationOfCodes.LaunchBrowser@26d9b808]" started-at="2023-08-24T14:40:30 IST" name="launchFirefoxBrowser" finished-at="2023-08-24T14:40:37 IST" duration-ms="6457" status="PASS">
          <reporter-output>
          </reporter-output>
        </test-method> <!-- launchFirefoxBrowser -->
      </class> <!-- practicleImplementationOfCodes.LaunchBrowser -->
    </test> <!-- Default test -->
  </suite> <!-- Default suite -->
</testng-results>
